127.0.0.1 - - [11/Oct/2025 14:33:53] "GET / HTTP/1.1" 200 -
127.0.0.1 - - [11/Oct/2025 14:33:53] "GET /_static/basic.css HTTP/1.1" 200 -
127.0.0.1 - - [11/Oct/2025 14:33:53] "GET /_static/pygments.css HTTP/1.1" 200 -
127.0.0.1 - - [11/Oct/2025 14:33:53] "GET /_static/matrixeq.css?v=58BC228F HTTP/1.1" 200 -
127.0.0.1 - - [11/Oct/2025 14:33:53] "GET /_static/webgldemo.css?v=B36B48D HTTP/1.1" 200 -
127.0.0.1 - - [11/Oct/2025 14:33:53] "GET /_static/webglinteractive.css?v=910DF1E1 HTTP/1.1" 200 -
127.0.0.1 - - [11/Oct/2025 14:33:53] "GET /_static/accessibility.css?v=6547A273 HTTP/1.1" 200 -
127.0.0.1 - - [11/Oct/2025 14:33:53] "GET /_static/bootstrap-3.4.1/css/bootstrap.min.css HTTP/1.1" 200 -
127.0.0.1 - - [11/Oct/2025 14:33:53] "GET /_static/presenter_mode.css?v=9FF1320F HTTP/1.1" 200 -
127.0.0.1 - - [11/Oct/2025 14:33:53] "GET /_static/jquery-ui-1.10.3.custom.min.css?v=97E0178A HTTP/1.1" 200 -
127.0.0.1 - - [11/Oct/2025 14:33:53] "GET /_static/bootstrap-sphinx.css HTTP/1.1" 200 -
127.0.0.1 - - [11/Oct/2025 14:33:53] "GET /_static/user-highlights.css?v=A2326E52 HTTP/1.1" 200 -
127.0.0.1 - - [11/Oct/2025 14:33:53] "GET /_static/runestone-custom-sphinx-bootstrap.css?v=5.3.0 HTTP/1.1" 200 -
127.0.0.1 - - [11/Oct/2025 14:33:53] "GET /_static/theme-overrides.css?v=2DAFE138 HTTP/1.1" 200 -
127.0.0.1 - - [11/Oct/2025 14:33:53] "GET /_static/documentation_options.js HTTP/1.1" 200 -
127.0.0.1 - - [11/Oct/2025 14:33:53] "GET /_static/jquery.js HTTP/1.1" 200 -
127.0.0.1 - - [11/Oct/2025 14:33:53] "GET /_static/underscore.js HTTP/1.1" 200 -
127.0.0.1 - - [11/Oct/2025 14:33:53] "GET /_static/doctools.js HTTP/1.1" 200 -
127.0.0.1 - - [11/Oct/2025 14:33:53] "GET /_static/language_data.js HTTP/1.1" 200 -
127.0.0.1 - - [11/Oct/2025 14:33:53] "GET /_static/matrixeq.js?v=D64CFA5A HTTP/1.1" 200 -
127.0.0.1 - - [11/Oct/2025 14:33:53] "GET /_static/webglinteractive.js?v=2B768384 HTTP/1.1" 200 -
127.0.0.1 - - [11/Oct/2025 14:33:53] "GET /_static/FileSaver.min.js?v=8408C997 HTTP/1.1" 200 -
127.0.0.1 - - [11/Oct/2025 14:33:53] "GET /_static/Blob.js?v=AEC2447 HTTP/1.1" 200 -
127.0.0.1 - - [11/Oct/2025 14:33:53] "GET /_static/html4css1.css?v=4533ACD3 HTTP/1.1" 200 -
127.0.0.1 - - [11/Oct/2025 14:33:53] "GET /_static/animationbase.js?v=A043C3A7 HTTP/1.1" 200 -
127.0.0.1 - - [11/Oct/2025 14:33:53] "GET /_static/pytutor-embed.bundle.js?v=268B5C04 HTTP/1.1" 200 -
127.0.0.1 - - [11/Oct/2025 14:33:53] "GET /_static/jquery.highlight.js?v=F1C496C8 HTTP/1.1" 200 -
127.0.0.1 - - [11/Oct/2025 14:33:53] "GET /_static/sql-wasm.js?v=44FE0709 HTTP/1.1" 200 -
127.0.0.1 - - [11/Oct/2025 14:33:53] "GET /_static/runestone.js?v=7DFA3710 HTTP/1.1" 200 -
127.0.0.1 - - [11/Oct/2025 14:33:53] "GET /_static/jquery-ui-1.10.3.custom.min.js?v=2B07FE4F HTTP/1.1" 200 -
127.0.0.1 - - [11/Oct/2025 14:33:53] "GET /_static/bootstrap-3.4.1/js/bootstrap.min.js HTTP/1.1" 200 -
127.0.0.1 - - [11/Oct/2025 14:33:53] "GET /_static/jquery-fix.js?v=1226591B HTTP/1.1" 200 -
127.0.0.1 - - [11/Oct/2025 14:33:53] "GET /_static/bootstrap-sphinx.js HTTP/1.1" 200 -
127.0.0.1 - - [11/Oct/2025 14:33:53] "GET /_static/jquery.idle-timer.js?v=E942DAF1 HTTP/1.1" 200 -
127.0.0.1 - - [11/Oct/2025 14:33:53] "GET /_static/CodeChat.css HTTP/1.1" 200 -
127.0.0.1 - - [11/Oct/2025 14:33:53] "GET /_static/presenter_mode.js?v=2DF16FB4 HTTP/1.1" 200 -
127.0.0.1 - - [11/Oct/2025 14:33:53] "GET /_static/theme.js?v=D899FB97 HTTP/1.1" 200 -
127.0.0.1 - - [11/Oct/2025 14:33:53] "GET /_static/html4css1.css HTTP/1.1" 200 -
127.0.0.1 - - [11/Oct/2025 14:33:53] "GET /_images/web_crawler.png HTTP/1.1" 200 -
127.0.0.1 - - [11/Oct/2025 14:33:53] code 404, message File not found
127.0.0.1 - - [11/Oct/2025 14:33:53] "GET /runestone/static/images/RunestoneBanner%7B%7B=banner_num%7D%7D.png HTTP/1.1" 404 -
127.0.0.1 - - [11/Oct/2025 14:33:53] "GET /_static/img/logo_small.png HTTP/1.1" 200 -
127.0.0.1 - - [11/Oct/2025 14:33:53] code 404, message File not found
127.0.0.1 - - [11/Oct/2025 14:33:53] "GET /runestone/static/images/RunestoneBanner%7B%7B=banner_num%7D%7D.png HTTP/1.1" 404 -
127.0.0.1 - - [11/Oct/2025 14:33:53] "GET /_static/bootstrap-3.4.1/fonts/glyphicons-halflings-regular.woff2 HTTP/1.1" 200 -
127.0.0.1 - - [11/Oct/2025 14:33:54] code 404, message File not found
127.0.0.1 - - [11/Oct/2025 14:33:54] "GET /%7B%7B%20=request.application%20%7D%7D/static/favicon.ico HTTP/1.1" 404 -
127.0.0.1 - - [11/Oct/2025 14:33:57] "GET / HTTP/1.1" 304 -
127.0.0.1 - - [11/Oct/2025 14:33:57] "GET /_static/documentation_options.js HTTP/1.1" 304 -
127.0.0.1 - - [11/Oct/2025 14:33:57] "GET /_static/language_data.js HTTP/1.1" 304 -
127.0.0.1 - - [11/Oct/2025 14:33:57] "GET /_static/basic.css HTTP/1.1" 304 -
127.0.0.1 - - [11/Oct/2025 14:33:57] "GET /_static/pygments.css HTTP/1.1" 304 -
127.0.0.1 - - [11/Oct/2025 14:33:57] "GET /_static/bootstrap-sphinx.css HTTP/1.1" 304 -
127.0.0.1 - - [11/Oct/2025 14:33:57] code 404, message File not found
127.0.0.1 - - [11/Oct/2025 14:33:57] "GET /runestone/static/images/RunestoneBanner%7B%7B=banner_num%7D%7D.png HTTP/1.1" 404 -
127.0.0.1 - - [11/Oct/2025 14:33:57] code 404, message File not found
127.0.0.1 - - [11/Oct/2025 14:33:57] "GET /runestone/static/images/RunestoneBanner%7B%7B=banner_num%7D%7D.png HTTP/1.1" 404 -
127.0.0.1 - - [11/Oct/2025 14:35:06] code 404, message File not found
127.0.0.1 - - [11/Oct/2025 14:35:06] "GET /runestone/static/images/RunestoneBanner%7B%7B=banner_num%7D%7D.png HTTP/1.1" 404 -
127.0.0.1 - - [11/Oct/2025 14:37:54] "GET /start_here.html HTTP/1.1" 200 -
127.0.0.1 - - [11/Oct/2025 14:37:54] "GET /_static/basic.css HTTP/1.1" 200 -
127.0.0.1 - - [11/Oct/2025 14:37:54] "GET /_static/pygments.css HTTP/1.1" 200 -
127.0.0.1 - - [11/Oct/2025 14:37:54] "GET /_static/matrixeq.css?v=58BC228F HTTP/1.1" 304 -
127.0.0.1 - - [11/Oct/2025 14:37:54] "GET /_static/webgldemo.css?v=B36B48D HTTP/1.1" 304 -
127.0.0.1 - - [11/Oct/2025 14:37:54] "GET /_static/webglinteractive.css?v=910DF1E1 HTTP/1.1" 304 -
127.0.0.1 - - [11/Oct/2025 14:37:54] "GET /_static/CodeChat.css HTTP/1.1" 304 -
127.0.0.1 - - [11/Oct/2025 14:37:54] "GET /_static/accessibility.css?v=6547A273 HTTP/1.1" 304 -
127.0.0.1 - - [11/Oct/2025 14:37:54] "GET /_static/matrixeq.js?v=D64CFA5A HTTP/1.1" 200 -
127.0.0.1 - - [11/Oct/2025 14:37:54] "GET /_static/bootstrap-3.4.1/css/bootstrap.min.css HTTP/1.1" 304 -
127.0.0.1 - - [11/Oct/2025 14:37:54] "GET /_static/webglinteractive.js?v=2B768384 HTTP/1.1" 200 -
127.0.0.1 - - [11/Oct/2025 14:37:54] "GET /_static/FileSaver.min.js?v=8408C997 HTTP/1.1" 200 -
127.0.0.1 - - [11/Oct/2025 14:37:54] "GET /_static/Blob.js?v=AEC2447 HTTP/1.1" 200 -
127.0.0.1 - - [11/Oct/2025 14:37:54] "GET /_static/html4css1.css?v=4533ACD3 HTTP/1.1" 200 -
127.0.0.1 - - [11/Oct/2025 14:37:54] "GET /_static/presenter_mode.css?v=9FF1320F HTTP/1.1" 304 -
127.0.0.1 - - [11/Oct/2025 14:37:54] "GET /_static/animationbase.js?v=A043C3A7 HTTP/1.1" 200 -
127.0.0.1 - - [11/Oct/2025 14:37:54] "GET /_static/jquery.highlight.js?v=F1C496C8 HTTP/1.1" 200 -
127.0.0.1 - - [11/Oct/2025 14:37:54] "GET /_static/sql-wasm.js?v=44FE0709 HTTP/1.1" 200 -
127.0.0.1 - - [11/Oct/2025 14:37:54] "GET /_static/jquery-ui-1.10.3.custom.min.css?v=97E0178A HTTP/1.1" 304 -
127.0.0.1 - - [11/Oct/2025 14:37:54] "GET /_static/bootstrap-sphinx.css HTTP/1.1" 304 -
127.0.0.1 - - [11/Oct/2025 14:37:54] "GET /_static/user-highlights.css?v=A2326E52 HTTP/1.1" 304 -
127.0.0.1 - - [11/Oct/2025 14:37:54] "GET /_static/runestone-custom-sphinx-bootstrap.css?v=5.3.0 HTTP/1.1" 304 -
127.0.0.1 - - [11/Oct/2025 14:37:54] "GET /_static/bootstrap-3.4.1/js/bootstrap.min.js HTTP/1.1" 200 -
127.0.0.1 - - [11/Oct/2025 14:37:54] "GET /_static/jquery-fix.js?v=1226591B HTTP/1.1" 200 -
127.0.0.1 - - [11/Oct/2025 14:37:54] "GET /_static/bootstrap-sphinx.js HTTP/1.1" 200 -
127.0.0.1 - - [11/Oct/2025 14:37:54] "GET /_static/theme-overrides.css?v=2DAFE138 HTTP/1.1" 304 -
127.0.0.1 - - [11/Oct/2025 14:37:54] "GET /_static/jquery.idle-timer.js?v=E942DAF1 HTTP/1.1" 200 -
127.0.0.1 - - [11/Oct/2025 14:37:54] "GET /_static/presenter_mode.js?v=2DF16FB4 HTTP/1.1" 200 -
127.0.0.1 - - [11/Oct/2025 14:37:54] "GET /_static/theme.js?v=D899FB97 HTTP/1.1" 200 -
127.0.0.1 - - [11/Oct/2025 14:37:54] "GET /_static/documentation_options.js HTTP/1.1" 304 -
127.0.0.1 - - [11/Oct/2025 14:37:54] "GET /_static/jquery.js HTTP/1.1" 304 -
127.0.0.1 - - [11/Oct/2025 14:37:54] "GET /_static/underscore.js HTTP/1.1" 304 -
127.0.0.1 - - [11/Oct/2025 14:37:54] "GET /_static/doctools.js HTTP/1.1" 304 -
127.0.0.1 - - [11/Oct/2025 14:37:54] "GET /_static/language_data.js HTTP/1.1" 304 -
127.0.0.1 - - [11/Oct/2025 14:37:54] "GET /_static/pytutor-embed.bundle.js?v=268B5C04 HTTP/1.1" 304 -
127.0.0.1 - - [11/Oct/2025 14:37:54] "GET /_static/runestone.js?v=7DFA3710 HTTP/1.1" 304 -
127.0.0.1 - - [11/Oct/2025 14:37:54] "GET /_static/html4css1.css HTTP/1.1" 200 -
127.0.0.1 - - [11/Oct/2025 14:37:54] "GET /_static/jquery-ui-1.10.3.custom.min.js?v=2B07FE4F HTTP/1.1" 200 -
127.0.0.1 - - [11/Oct/2025 14:37:54] code 404, message File not found
127.0.0.1 - - [11/Oct/2025 14:37:54] "GET /runestone/static/images/RunestoneBanner%7B%7B=banner_num%7D%7D.png HTTP/1.1" 404 -
127.0.0.1 - - [11/Oct/2025 14:37:54] code 404, message File not found
127.0.0.1 - - [11/Oct/2025 14:37:54] "GET /runestone/static/images/RunestoneBanner%7B%7B=banner_num%7D%7D.png HTTP/1.1" 404 -
127.0.0.1 - - [11/Oct/2025 14:37:54] "GET /_static/img/logo_small.png HTTP/1.1" 200 -
127.0.0.1 - - [11/Oct/2025 14:37:54] code 404, message File not found
127.0.0.1 - - [11/Oct/2025 14:37:54] "GET /%7B%7B%20=request.application%20%7D%7D/static/favicon.ico HTTP/1.1" 404 -
127.0.0.1 - - [11/Oct/2025 14:38:03] "GET /index.html HTTP/1.1" 200 -
127.0.0.1 - - [11/Oct/2025 14:38:03] code 404, message File not found
127.0.0.1 - - [11/Oct/2025 14:38:03] "GET /runestone/static/images/RunestoneBanner%7B%7B=banner_num%7D%7D.png HTTP/1.1" 404 -
127.0.0.1 - - [11/Oct/2025 14:38:03] code 404, message File not found
127.0.0.1 - - [11/Oct/2025 14:38:03] "GET /runestone/static/images/RunestoneBanner%7B%7B=banner_num%7D%7D.png HTTP/1.1" 404 -
127.0.0.1 - - [11/Oct/2025 14:38:05] code 404, message File not found
127.0.0.1 - - [11/Oct/2025 14:38:05] "GET /runestone/static/images/RunestoneBanner%7B%7B=banner_num%7D%7D.png HTTP/1.1" 404 -
127.0.0.1 - - [11/Oct/2025 14:38:05] code 404, message File not found
127.0.0.1 - - [11/Oct/2025 14:38:05] "GET /runestone/static/images/RunestoneBanner%7B%7B=banner_num%7D%7D.png HTTP/1.1" 404 -
127.0.0.1 - - [11/Oct/2025 14:38:08] code 404, message File not found
127.0.0.1 - - [11/Oct/2025 14:38:08] "GET /runestone/static/images/RunestoneBanner%7B%7B=banner_num%7D%7D.png HTTP/1.1" 404 -
127.0.0.1 - - [11/Oct/2025 14:38:34] "GET /example1.html HTTP/1.1" 200 -
127.0.0.1 - - [11/Oct/2025 14:38:34] "GET /_static/basic.css HTTP/1.1" 304 -
127.0.0.1 - - [11/Oct/2025 14:38:34] "GET /_static/pygments.css HTTP/1.1" 304 -
127.0.0.1 - - [11/Oct/2025 14:38:34] "GET /_static/matrixeq.css?v=58BC228F HTTP/1.1" 304 -
127.0.0.1 - - [11/Oct/2025 14:38:34] "GET /_static/webgldemo.css?v=B36B48D HTTP/1.1" 304 -
127.0.0.1 - - [11/Oct/2025 14:38:34] "GET /_static/webglinteractive.css?v=910DF1E1 HTTP/1.1" 304 -
127.0.0.1 - - [11/Oct/2025 14:38:34] "GET /_static/CodeChat.css HTTP/1.1" 304 -
127.0.0.1 - - [11/Oct/2025 14:38:34] "GET /_static/accessibility.css?v=6547A273 HTTP/1.1" 304 -
127.0.0.1 - - [11/Oct/2025 14:38:34] "GET /_static/bootstrap-3.4.1/css/bootstrap.min.css HTTP/1.1" 304 -
127.0.0.1 - - [11/Oct/2025 14:38:34] "GET /_static/presenter_mode.css?v=9FF1320F HTTP/1.1" 304 -
127.0.0.1 - - [11/Oct/2025 14:38:34] "GET /_static/documentation_options.js HTTP/1.1" 200 -
127.0.0.1 - - [11/Oct/2025 14:38:34] "GET /_static/jquery-ui-1.10.3.custom.min.css?v=97E0178A HTTP/1.1" 304 -
127.0.0.1 - - [11/Oct/2025 14:38:34] "GET /_static/webglinteractive.js?v=2B768384 HTTP/1.1" 200 -
127.0.0.1 - - [11/Oct/2025 14:38:34] "GET /_static/FileSaver.min.js?v=8408C997 HTTP/1.1" 200 -
127.0.0.1 - - [11/Oct/2025 14:38:34] "GET /_static/bootstrap-sphinx.css HTTP/1.1" 304 -
127.0.0.1 - - [11/Oct/2025 14:38:34] "GET /_static/Blob.js?v=AEC2447 HTTP/1.1" 200 -
127.0.0.1 - - [11/Oct/2025 14:38:34] "GET /_static/html4css1.css?v=4533ACD3 HTTP/1.1" 200 -
127.0.0.1 - - [11/Oct/2025 14:38:34] "GET /_static/user-highlights.css?v=A2326E52 HTTP/1.1" 304 -
127.0.0.1 - - [11/Oct/2025 14:38:34] "GET /_static/animationbase.js?v=A043C3A7 HTTP/1.1" 200 -
127.0.0.1 - - [11/Oct/2025 14:38:34] "GET /_static/jquery.highlight.js?v=F1C496C8 HTTP/1.1" 200 -
127.0.0.1 - - [11/Oct/2025 14:38:34] "GET /_static/sql-wasm.js?v=44FE0709 HTTP/1.1" 200 -
127.0.0.1 - - [11/Oct/2025 14:38:34] "GET /_static/runestone-custom-sphinx-bootstrap.css?v=5.3.0 HTTP/1.1" 304 -
127.0.0.1 - - [11/Oct/2025 14:38:34] "GET /_static/theme-overrides.css?v=2DAFE138 HTTP/1.1" 304 -
127.0.0.1 - - [11/Oct/2025 14:38:34] "GET /_static/jquery-ui-1.10.3.custom.min.js?v=2B07FE4F HTTP/1.1" 200 -
127.0.0.1 - - [11/Oct/2025 14:38:34] "GET /_static/bootstrap-3.4.1/js/bootstrap.min.js HTTP/1.1" 200 -
127.0.0.1 - - [11/Oct/2025 14:38:34] "GET /_static/jquery-fix.js?v=1226591B HTTP/1.1" 200 -
127.0.0.1 - - [11/Oct/2025 14:38:34] "GET /_static/bootstrap-sphinx.js HTTP/1.1" 200 -
127.0.0.1 - - [11/Oct/2025 14:38:34] "GET /_static/jquery.idle-timer.js?v=E942DAF1 HTTP/1.1" 200 -
127.0.0.1 - - [11/Oct/2025 14:38:34] "GET /_static/presenter_mode.js?v=2DF16FB4 HTTP/1.1" 200 -
127.0.0.1 - - [11/Oct/2025 14:38:34] "GET /_static/theme.js?v=D899FB97 HTTP/1.1" 200 -
127.0.0.1 - - [11/Oct/2025 14:38:34] "GET /_static/jquery.js HTTP/1.1" 304 -
127.0.0.1 - - [11/Oct/2025 14:38:34] "GET /_static/underscore.js HTTP/1.1" 304 -
127.0.0.1 - - [11/Oct/2025 14:38:34] "GET /_static/doctools.js HTTP/1.1" 304 -
127.0.0.1 - - [11/Oct/2025 14:38:34] "GET /_static/language_data.js HTTP/1.1" 304 -
127.0.0.1 - - [11/Oct/2025 14:38:34] "GET /_static/pytutor-embed.bundle.js?v=268B5C04 HTTP/1.1" 304 -
127.0.0.1 - - [11/Oct/2025 14:38:34] "GET /_static/runestone.js?v=7DFA3710 HTTP/1.1" 304 -
127.0.0.1 - - [11/Oct/2025 14:38:34] "GET /_static/html4css1.css HTTP/1.1" 200 -
127.0.0.1 - - [11/Oct/2025 14:38:34] "GET /_static/matrixeq.js?v=D64CFA5A HTTP/1.1" 200 -
127.0.0.1 - - [11/Oct/2025 14:38:34] "GET /_images/bbq_scroll.gif HTTP/1.1" 200 -
127.0.0.1 - - [11/Oct/2025 14:38:34] code 404, message File not found
127.0.0.1 - - [11/Oct/2025 14:38:34] "GET /runestone/static/images/RunestoneBanner%7B%7B=banner_num%7D%7D.png HTTP/1.1" 404 -
127.0.0.1 - - [11/Oct/2025 14:38:34] code 404, message File not found
127.0.0.1 - - [11/Oct/2025 14:38:34] "GET /runestone/static/images/RunestoneBanner%7B%7B=banner_num%7D%7D.png HTTP/1.1" 404 -
127.0.0.1 - - [11/Oct/2025 14:38:34] "GET /_static/img/logo_small.png HTTP/1.1" 200 -
127.0.0.1 - - [11/Oct/2025 14:38:34] code 404, message File not found
127.0.0.1 - - [11/Oct/2025 14:38:34] "GET /%7B%7B%20=request.application%20%7D%7D/static/favicon.ico HTTP/1.1" 404 -
127.0.0.1 - - [11/Oct/2025 14:38:35] code 404, message File not found
127.0.0.1 - - [11/Oct/2025 14:38:35] "GET /runestone/static/images/RunestoneBanner%7B%7B=banner_num%7D%7D.png HTTP/1.1" 404 -
127.0.0.1 - - [11/Oct/2025 14:39:15] "GET /plan1.html HTTP/1.1" 200 -
127.0.0.1 - - [11/Oct/2025 14:39:15] "GET /_static/documentation_options.js HTTP/1.1" 304 -
127.0.0.1 - - [11/Oct/2025 14:39:15] "GET /_static/basic.css HTTP/1.1" 200 -
127.0.0.1 - - [11/Oct/2025 14:39:15] "GET /_static/jquery.js HTTP/1.1" 304 -
127.0.0.1 - - [11/Oct/2025 14:39:15] "GET /_static/underscore.js HTTP/1.1" 304 -
127.0.0.1 - - [11/Oct/2025 14:39:15] "GET /_static/doctools.js HTTP/1.1" 304 -
127.0.0.1 - - [11/Oct/2025 14:39:15] "GET /_static/pygments.css HTTP/1.1" 200 -
127.0.0.1 - - [11/Oct/2025 14:39:15] "GET /_static/matrixeq.css?v=58BC228F HTTP/1.1" 200 -
127.0.0.1 - - [11/Oct/2025 14:39:15] "GET /_static/webgldemo.css?v=B36B48D HTTP/1.1" 200 -
127.0.0.1 - - [11/Oct/2025 14:39:15] "GET /_static/matrixeq.js?v=D64CFA5A HTTP/1.1" 304 -
127.0.0.1 - - [11/Oct/2025 14:39:15] "GET /_static/webglinteractive.css?v=910DF1E1 HTTP/1.1" 304 -
127.0.0.1 - - [11/Oct/2025 14:39:15] "GET /_static/CodeChat.css HTTP/1.1" 304 -
127.0.0.1 - - [11/Oct/2025 14:39:15] "GET /_static/accessibility.css?v=6547A273 HTTP/1.1" 304 -
127.0.0.1 - - [11/Oct/2025 14:39:15] "GET /_static/webglinteractive.js?v=2B768384 HTTP/1.1" 304 -
127.0.0.1 - - [11/Oct/2025 14:39:15] "GET /_static/FileSaver.min.js?v=8408C997 HTTP/1.1" 304 -
127.0.0.1 - - [11/Oct/2025 14:39:15] "GET /_static/Blob.js?v=AEC2447 HTTP/1.1" 304 -
127.0.0.1 - - [11/Oct/2025 14:39:15] "GET /_static/html4css1.css?v=4533ACD3 HTTP/1.1" 304 -
127.0.0.1 - - [11/Oct/2025 14:39:15] "GET /_static/animationbase.js?v=A043C3A7 HTTP/1.1" 304 -
127.0.0.1 - - [11/Oct/2025 14:39:15] "GET /_static/pytutor-embed.bundle.js?v=268B5C04 HTTP/1.1" 304 -
127.0.0.1 - - [11/Oct/2025 14:39:15] "GET /_static/jquery.highlight.js?v=F1C496C8 HTTP/1.1" 304 -
127.0.0.1 - - [11/Oct/2025 14:39:15] "GET /_static/sql-wasm.js?v=44FE0709 HTTP/1.1" 304 -
127.0.0.1 - - [11/Oct/2025 14:39:15] "GET /_static/runestone.js?v=7DFA3710 HTTP/1.1" 304 -
127.0.0.1 - - [11/Oct/2025 14:39:15] "GET /_static/jquery-ui-1.10.3.custom.min.js?v=2B07FE4F HTTP/1.1" 304 -
127.0.0.1 - - [11/Oct/2025 14:39:15] "GET /_static/bootstrap-3.4.1/js/bootstrap.min.js HTTP/1.1" 304 -
127.0.0.1 - - [11/Oct/2025 14:39:15] "GET /_static/bootstrap-3.4.1/css/bootstrap.min.css HTTP/1.1" 304 -
127.0.0.1 - - [11/Oct/2025 14:39:15] "GET /_static/presenter_mode.css?v=9FF1320F HTTP/1.1" 304 -
127.0.0.1 - - [11/Oct/2025 14:39:15] "GET /_static/jquery-ui-1.10.3.custom.min.css?v=97E0178A HTTP/1.1" 304 -
127.0.0.1 - - [11/Oct/2025 14:39:15] "GET /_static/bootstrap-sphinx.css HTTP/1.1" 304 -
127.0.0.1 - - [11/Oct/2025 14:39:15] "GET /_static/user-highlights.css?v=A2326E52 HTTP/1.1" 304 -
127.0.0.1 - - [11/Oct/2025 14:39:15] "GET /_static/jquery-fix.js?v=1226591B HTTP/1.1" 304 -
127.0.0.1 - - [11/Oct/2025 14:39:15] "GET /_static/bootstrap-sphinx.js HTTP/1.1" 304 -
127.0.0.1 - - [11/Oct/2025 14:39:15] "GET /_static/jquery.idle-timer.js?v=E942DAF1 HTTP/1.1" 304 -
127.0.0.1 - - [11/Oct/2025 14:39:15] "GET /_static/presenter_mode.js?v=2DF16FB4 HTTP/1.1" 304 -
127.0.0.1 - - [11/Oct/2025 14:39:15] "GET /_static/theme.js?v=D899FB97 HTTP/1.1" 304 -
127.0.0.1 - - [11/Oct/2025 14:39:15] "GET /_static/runestone-custom-sphinx-bootstrap.css?v=5.3.0 HTTP/1.1" 200 -
127.0.0.1 - - [11/Oct/2025 14:39:15] "GET /_static/theme-overrides.css?v=2DAFE138 HTTP/1.1" 200 -
127.0.0.1 - - [11/Oct/2025 14:39:15] "GET /_static/html4css1.css HTTP/1.1" 200 -
127.0.0.1 - - [11/Oct/2025 14:39:15] "GET /_static/language_data.js HTTP/1.1" 304 -
127.0.0.1 - - [11/Oct/2025 14:39:15] "GET /_images/bbq_URL.gif HTTP/1.1" 200 -
127.0.0.1 - - [11/Oct/2025 14:39:15] code 404, message File not found
127.0.0.1 - - [11/Oct/2025 14:39:15] "GET /runestone/static/images/RunestoneBanner%7B%7B=banner_num%7D%7D.png HTTP/1.1" 404 -
127.0.0.1 - - [11/Oct/2025 14:39:15] code 404, message File not found
127.0.0.1 - - [11/Oct/2025 14:39:15] "GET /runestone/static/images/RunestoneBanner%7B%7B=banner_num%7D%7D.png HTTP/1.1" 404 -
127.0.0.1 - - [11/Oct/2025 14:39:15] "GET /_static/img/logo_small.png HTTP/1.1" 200 -
127.0.0.1 - - [11/Oct/2025 14:39:15] code 404, message File not found
127.0.0.1 - - [11/Oct/2025 14:39:15] "GET /%7B%7B%20=request.application%20%7D%7D/static/favicon.ico HTTP/1.1" 404 -
127.0.0.1 - - [11/Oct/2025 14:39:16] code 404, message File not found
127.0.0.1 - - [11/Oct/2025 14:39:16] "GET /runestone/static/images/RunestoneBanner%7B%7B=banner_num%7D%7D.png HTTP/1.1" 404 -
127.0.0.1 - - [11/Oct/2025 14:39:43] "GET /plan3.html HTTP/1.1" 200 -
127.0.0.1 - - [11/Oct/2025 14:39:43] "GET /_images/bbq_inspect.gif HTTP/1.1" 200 -
127.0.0.1 - - [11/Oct/2025 14:39:43] "GET /_images/bbq_h4_text.png HTTP/1.1" 200 -
127.0.0.1 - - [11/Oct/2025 14:39:43] "GET /_images/dining_h2_text.png HTTP/1.1" 200 -
127.0.0.1 - - [11/Oct/2025 14:39:43] "GET /_images/info_p_text.png HTTP/1.1" 200 -
127.0.0.1 - - [11/Oct/2025 14:39:43] code 404, message File not found
127.0.0.1 - - [11/Oct/2025 14:39:43] "GET /runestone/static/images/RunestoneBanner%7B%7B=banner_num%7D%7D.png HTTP/1.1" 404 -
127.0.0.1 - - [11/Oct/2025 14:39:43] code 404, message File not found
127.0.0.1 - - [11/Oct/2025 14:39:43] "GET /runestone/static/images/RunestoneBanner%7B%7B=banner_num%7D%7D.png HTTP/1.1" 404 -
127.0.0.1 - - [11/Oct/2025 14:39:44] code 404, message File not found
127.0.0.1 - - [11/Oct/2025 14:39:44] "GET /runestone/static/images/RunestoneBanner%7B%7B=banner_num%7D%7D.png HTTP/1.1" 404 -
127.0.0.1 - - [11/Oct/2025 14:39:48] "GET /_images/bbq_inspect.gif HTTP/1.1" 200 -
----------------------------------------
Exception happened during processing of request from ('127.0.0.1', 62538)
Traceback (most recent call last):
  File "/opt/anaconda3/envs/apidev/lib/python3.8/socketserver.py", line 316, in _handle_request_noblock
    self.process_request(request, client_address)
  File "/opt/anaconda3/envs/apidev/lib/python3.8/socketserver.py", line 347, in process_request
    self.finish_request(request, client_address)
  File "/opt/anaconda3/envs/apidev/lib/python3.8/socketserver.py", line 360, in finish_request
    self.RequestHandlerClass(request, client_address, self)
  File "/opt/anaconda3/envs/apidev/lib/python3.8/http/server.py", line 664, in __init__
    super().__init__(*args, **kwargs)
  File "/opt/anaconda3/envs/apidev/lib/python3.8/socketserver.py", line 747, in __init__
    self.handle()
  File "/opt/anaconda3/envs/apidev/lib/python3.8/http/server.py", line 435, in handle
    self.handle_one_request()
  File "/opt/anaconda3/envs/apidev/lib/python3.8/http/server.py", line 423, in handle_one_request
    method()
  File "/opt/anaconda3/envs/apidev/lib/python3.8/http/server.py", line 671, in do_GET
    self.copyfile(f, self.wfile)
  File "/opt/anaconda3/envs/apidev/lib/python3.8/http/server.py", line 870, in copyfile
    shutil.copyfileobj(source, outputfile)
  File "/opt/anaconda3/envs/apidev/lib/python3.8/shutil.py", line 208, in copyfileobj
    fdst_write(buf)
  File "/opt/anaconda3/envs/apidev/lib/python3.8/socketserver.py", line 826, in write
    self._sock.sendall(b)
BrokenPipeError: [Errno 32] Broken pipe
----------------------------------------
127.0.0.1 - - [11/Oct/2025 14:39:49] code 404, message File not found
127.0.0.1 - - [11/Oct/2025 14:39:49] "GET /favicon.ico HTTP/1.1" 404 -
127.0.0.1 - - [11/Oct/2025 14:39:50] code 404, message File not found
127.0.0.1 - - [11/Oct/2025 14:39:50] "GET /runestone/static/images/RunestoneBanner%7B%7B=banner_num%7D%7D.png HTTP/1.1" 404 -
127.0.0.1 - - [11/Oct/2025 14:39:50] code 404, message File not found
127.0.0.1 - - [11/Oct/2025 14:39:50] "GET /%7B%7B%20=request.application%20%7D%7D/static/favicon.ico HTTP/1.1" 404 -
127.0.0.1 - - [11/Oct/2025 14:39:52] code 404, message File not found
127.0.0.1 - - [11/Oct/2025 14:39:52] "GET /runestone/static/images/RunestoneBanner%7B%7B=banner_num%7D%7D.png HTTP/1.1" 404 -
127.0.0.1 - - [11/Oct/2025 14:40:22] "GET /plan5.html HTTP/1.1" 200 -
127.0.0.1 - - [11/Oct/2025 14:40:22] "GET /_static/basic.css HTTP/1.1" 200 -
127.0.0.1 - - [11/Oct/2025 14:40:22] "GET /_static/pygments.css HTTP/1.1" 200 -
127.0.0.1 - - [11/Oct/2025 14:40:22] "GET /_static/matrixeq.css?v=58BC228F HTTP/1.1" 200 -
127.0.0.1 - - [11/Oct/2025 14:40:22] "GET /_static/webgldemo.css?v=B36B48D HTTP/1.1" 200 -
127.0.0.1 - - [11/Oct/2025 14:40:22] "GET /_static/webglinteractive.css?v=910DF1E1 HTTP/1.1" 200 -
127.0.0.1 - - [11/Oct/2025 14:40:22] "GET /_static/CodeChat.css HTTP/1.1" 200 -
127.0.0.1 - - [11/Oct/2025 14:40:22] "GET /_static/accessibility.css?v=6547A273 HTTP/1.1" 200 -
127.0.0.1 - - [11/Oct/2025 14:40:22] "GET /_static/bootstrap-3.4.1/css/bootstrap.min.css HTTP/1.1" 200 -
127.0.0.1 - - [11/Oct/2025 14:40:22] "GET /_static/presenter_mode.css?v=9FF1320F HTTP/1.1" 200 -
127.0.0.1 - - [11/Oct/2025 14:40:22] "GET /_static/bootstrap-sphinx.css HTTP/1.1" 200 -
127.0.0.1 - - [11/Oct/2025 14:40:22] "GET /_static/user-highlights.css?v=A2326E52 HTTP/1.1" 200 -
127.0.0.1 - - [11/Oct/2025 14:40:22] "GET /_static/runestone-custom-sphinx-bootstrap.css?v=5.3.0 HTTP/1.1" 200 -
127.0.0.1 - - [11/Oct/2025 14:40:22] "GET /_static/theme-overrides.css?v=2DAFE138 HTTP/1.1" 200 -
127.0.0.1 - - [11/Oct/2025 14:40:22] "GET /_static/documentation_options.js HTTP/1.1" 200 -
127.0.0.1 - - [11/Oct/2025 14:40:22] "GET /_static/matrixeq.js?v=D64CFA5A HTTP/1.1" 200 -
127.0.0.1 - - [11/Oct/2025 14:40:22] "GET /_static/webglinteractive.js?v=2B768384 HTTP/1.1" 200 -
127.0.0.1 - - [11/Oct/2025 14:40:22] "GET /_static/FileSaver.min.js?v=8408C997 HTTP/1.1" 200 -
127.0.0.1 - - [11/Oct/2025 14:40:22] "GET /_static/Blob.js?v=AEC2447 HTTP/1.1" 200 -
127.0.0.1 - - [11/Oct/2025 14:40:22] "GET /_static/html4css1.css?v=4533ACD3 HTTP/1.1" 200 -
127.0.0.1 - - [11/Oct/2025 14:40:22] "GET /_static/animationbase.js?v=A043C3A7 HTTP/1.1" 200 -
127.0.0.1 - - [11/Oct/2025 14:40:22] "GET /_static/jquery.highlight.js?v=F1C496C8 HTTP/1.1" 200 -
127.0.0.1 - - [11/Oct/2025 14:40:22] "GET /_static/sql-wasm.js?v=44FE0709 HTTP/1.1" 200 -
127.0.0.1 - - [11/Oct/2025 14:40:22] "GET /_static/jquery-ui-1.10.3.custom.min.js?v=2B07FE4F HTTP/1.1" 200 -
127.0.0.1 - - [11/Oct/2025 14:40:22] "GET /_static/bootstrap-3.4.1/js/bootstrap.min.js HTTP/1.1" 200 -
127.0.0.1 - - [11/Oct/2025 14:40:22] "GET /_static/jquery-fix.js?v=1226591B HTTP/1.1" 200 -
127.0.0.1 - - [11/Oct/2025 14:40:22] "GET /_static/bootstrap-sphinx.js HTTP/1.1" 200 -
127.0.0.1 - - [11/Oct/2025 14:40:22] "GET /_static/jquery.idle-timer.js?v=E942DAF1 HTTP/1.1" 200 -
127.0.0.1 - - [11/Oct/2025 14:40:22] "GET /_static/presenter_mode.js?v=2DF16FB4 HTTP/1.1" 200 -
127.0.0.1 - - [11/Oct/2025 14:40:22] "GET /_static/theme.js?v=D899FB97 HTTP/1.1" 200 -
127.0.0.1 - - [11/Oct/2025 14:40:22] "GET /_static/jquery.js HTTP/1.1" 304 -
127.0.0.1 - - [11/Oct/2025 14:40:22] "GET /_static/underscore.js HTTP/1.1" 304 -
127.0.0.1 - - [11/Oct/2025 14:40:22] "GET /_static/doctools.js HTTP/1.1" 304 -
127.0.0.1 - - [11/Oct/2025 14:40:22] "GET /_static/language_data.js HTTP/1.1" 304 -
127.0.0.1 - - [11/Oct/2025 14:40:22] "GET /_static/pytutor-embed.bundle.js?v=268B5C04 HTTP/1.1" 304 -
127.0.0.1 - - [11/Oct/2025 14:40:22] "GET /_static/runestone.js?v=7DFA3710 HTTP/1.1" 304 -
127.0.0.1 - - [11/Oct/2025 14:40:22] "GET /_static/html4css1.css HTTP/1.1" 200 -
127.0.0.1 - - [11/Oct/2025 14:40:22] "GET /_static/jquery-ui-1.10.3.custom.min.css?v=97E0178A HTTP/1.1" 200 -
127.0.0.1 - - [11/Oct/2025 14:40:22] code 404, message File not found
127.0.0.1 - - [11/Oct/2025 14:40:22] "GET /runestone/static/images/RunestoneBanner%7B%7B=banner_num%7D%7D.png HTTP/1.1" 404 -
127.0.0.1 - - [11/Oct/2025 14:40:22] code 404, message File not found
127.0.0.1 - - [11/Oct/2025 14:40:22] "GET /runestone/static/images/RunestoneBanner%7B%7B=banner_num%7D%7D.png HTTP/1.1" 404 -
127.0.0.1 - - [11/Oct/2025 14:40:22] "GET /_static/img/logo_small.png HTTP/1.1" 200 -
127.0.0.1 - - [11/Oct/2025 14:40:22] code 404, message File not found
127.0.0.1 - - [11/Oct/2025 14:40:22] "GET /%7B%7B%20=request.application%20%7D%7D/static/favicon.ico HTTP/1.1" 404 -
127.0.0.1 - - [11/Oct/2025 14:40:24] code 404, message File not found
127.0.0.1 - - [11/Oct/2025 14:40:24] "GET /runestone/static/images/RunestoneBanner%7B%7B=banner_num%7D%7D.png HTTP/1.1" 404 -
127.0.0.1 - - [11/Oct/2025 14:40:40] "GET /example2.html HTTP/1.1" 200 -
127.0.0.1 - - [11/Oct/2025 14:40:40] "GET /_images/faculty_pages_scoll.gif HTTP/1.1" 200 -
127.0.0.1 - - [11/Oct/2025 14:40:40] code 404, message File not found
127.0.0.1 - - [11/Oct/2025 14:40:40] "GET /runestone/static/images/RunestoneBanner%7B%7B=banner_num%7D%7D.png HTTP/1.1" 404 -
127.0.0.1 - - [11/Oct/2025 14:40:41] code 404, message File not found
127.0.0.1 - - [11/Oct/2025 14:40:41] "GET /runestone/static/images/RunestoneBanner%7B%7B=banner_num%7D%7D.png HTTP/1.1" 404 -
127.0.0.1 - - [11/Oct/2025 14:40:52] "GET /plan2.html HTTP/1.1" 200 -
127.0.0.1 - - [11/Oct/2025 14:40:52] "GET /_images/katie_cunningham.png HTTP/1.1" 200 -
127.0.0.1 - - [11/Oct/2025 14:40:52] "GET /_images/geoffrey_challen.png HTTP/1.1" 200 -
127.0.0.1 - - [11/Oct/2025 14:40:52] code 404, message File not found
127.0.0.1 - - [11/Oct/2025 14:40:52] "GET /runestone/static/images/RunestoneBanner%7B%7B=banner_num%7D%7D.png HTTP/1.1" 404 -
127.0.0.1 - - [11/Oct/2025 14:40:53] code 404, message File not found
127.0.0.1 - - [11/Oct/2025 14:40:53] "GET /runestone/static/images/RunestoneBanner%7B%7B=banner_num%7D%7D.png HTTP/1.1" 404 -
127.0.0.1 - - [11/Oct/2025 14:40:53] code 404, message File not found
127.0.0.1 - - [11/Oct/2025 14:40:53] "GET /%7B%7B%20=request.application%20%7D%7D/static/favicon.ico HTTP/1.1" 404 -
127.0.0.1 - - [11/Oct/2025 14:40:54] code 404, message File not found
127.0.0.1 - - [11/Oct/2025 14:40:54] "GET /runestone/static/images/RunestoneBanner%7B%7B=banner_num%7D%7D.png HTTP/1.1" 404 -
127.0.0.1 - - [11/Oct/2025 14:41:06] "GET /plan4.html HTTP/1.1" 200 -
127.0.0.1 - - [11/Oct/2025 14:41:06] "GET /_static/documentation_options.js HTTP/1.1" 304 -
127.0.0.1 - - [11/Oct/2025 14:41:06] "GET /_static/language_data.js HTTP/1.1" 304 -
127.0.0.1 - - [11/Oct/2025 14:41:06] "GET /_static/basic.css HTTP/1.1" 304 -
127.0.0.1 - - [11/Oct/2025 14:41:06] "GET /_static/pygments.css HTTP/1.1" 304 -
127.0.0.1 - - [11/Oct/2025 14:41:06] "GET /_static/bootstrap-sphinx.css HTTP/1.1" 304 -
127.0.0.1 - - [11/Oct/2025 14:41:06] code 404, message File not found
127.0.0.1 - - [11/Oct/2025 14:41:06] "GET /runestone/static/images/RunestoneBanner%7B%7B=banner_num%7D%7D.png HTTP/1.1" 404 -
127.0.0.1 - - [11/Oct/2025 14:41:06] "GET /_images/news_cunningham.png HTTP/1.1" 200 -
127.0.0.1 - - [11/Oct/2025 14:41:06] "GET /_images/isr_link.png HTTP/1.1" 200 -
127.0.0.1 - - [11/Oct/2025 14:41:06] "GET /_images/cunningham_link.png HTTP/1.1" 200 -
127.0.0.1 - - [11/Oct/2025 14:41:06] "GET /_images/info102_onetag.png HTTP/1.1" 200 -
127.0.0.1 - - [11/Oct/2025 14:41:06] code 404, message File not found
127.0.0.1 - - [11/Oct/2025 14:41:06] "GET /runestone/static/images/RunestoneBanner%7B%7B=banner_num%7D%7D.png HTTP/1.1" 404 -
127.0.0.1 - - [11/Oct/2025 14:41:06] code 404, message File not found
127.0.0.1 - - [11/Oct/2025 14:41:06] "GET /%7B%7B%20=request.application%20%7D%7D/static/favicon.ico HTTP/1.1" 404 -
127.0.0.1 - - [11/Oct/2025 14:41:07] code 404, message File not found
127.0.0.1 - - [11/Oct/2025 14:41:07] "GET /runestone/static/images/RunestoneBanner%7B%7B=banner_num%7D%7D.png HTTP/1.1" 404 -
127.0.0.1 - - [11/Oct/2025 14:41:20] "GET /activity-writing-1.html HTTP/1.1" 200 -
127.0.0.1 - - [11/Oct/2025 14:41:20] "GET /_static/jquery.js HTTP/1.1" 304 -
127.0.0.1 - - [11/Oct/2025 14:41:20] "GET /_static/underscore.js HTTP/1.1" 304 -
127.0.0.1 - - [11/Oct/2025 14:41:20] "GET /_static/doctools.js HTTP/1.1" 304 -
127.0.0.1 - - [11/Oct/2025 14:41:20] "GET /_static/matrixeq.js?v=D64CFA5A HTTP/1.1" 304 -
127.0.0.1 - - [11/Oct/2025 14:41:20] "GET /_static/webglinteractive.js?v=2B768384 HTTP/1.1" 304 -
127.0.0.1 - - [11/Oct/2025 14:41:20] "GET /_static/FileSaver.min.js?v=8408C997 HTTP/1.1" 304 -
127.0.0.1 - - [11/Oct/2025 14:41:20] "GET /_static/Blob.js?v=AEC2447 HTTP/1.1" 304 -
127.0.0.1 - - [11/Oct/2025 14:41:20] "GET /_static/html4css1.css?v=4533ACD3 HTTP/1.1" 304 -
127.0.0.1 - - [11/Oct/2025 14:41:20] "GET /_static/animationbase.js?v=A043C3A7 HTTP/1.1" 304 -
127.0.0.1 - - [11/Oct/2025 14:41:20] "GET /_static/jquery.highlight.js?v=F1C496C8 HTTP/1.1" 304 -
127.0.0.1 - - [11/Oct/2025 14:41:20] "GET /_static/sql-wasm.js?v=44FE0709 HTTP/1.1" 304 -
127.0.0.1 - - [11/Oct/2025 14:41:20] "GET /_static/runestone.js?v=7DFA3710 HTTP/1.1" 304 -
127.0.0.1 - - [11/Oct/2025 14:41:20] "GET /_static/jquery-ui-1.10.3.custom.min.js?v=2B07FE4F HTTP/1.1" 304 -
127.0.0.1 - - [11/Oct/2025 14:41:20] "GET /_static/bootstrap-3.4.1/js/bootstrap.min.js HTTP/1.1" 304 -
127.0.0.1 - - [11/Oct/2025 14:41:20] "GET /_static/jquery-fix.js?v=1226591B HTTP/1.1" 304 -
127.0.0.1 - - [11/Oct/2025 14:41:20] "GET /_static/bootstrap-sphinx.js HTTP/1.1" 304 -
127.0.0.1 - - [11/Oct/2025 14:41:20] "GET /_static/jquery.idle-timer.js?v=E942DAF1 HTTP/1.1" 304 -
127.0.0.1 - - [11/Oct/2025 14:41:20] "GET /_static/presenter_mode.js?v=2DF16FB4 HTTP/1.1" 304 -
127.0.0.1 - - [11/Oct/2025 14:41:20] "GET /_static/theme.js?v=D899FB97 HTTP/1.1" 304 -
127.0.0.1 - - [11/Oct/2025 14:41:20] "GET /_static/matrixeq.css?v=58BC228F HTTP/1.1" 304 -
127.0.0.1 - - [11/Oct/2025 14:41:20] "GET /_static/webgldemo.css?v=B36B48D HTTP/1.1" 304 -
127.0.0.1 - - [11/Oct/2025 14:41:20] "GET /_static/webglinteractive.css?v=910DF1E1 HTTP/1.1" 304 -
127.0.0.1 - - [11/Oct/2025 14:41:20] "GET /_static/CodeChat.css HTTP/1.1" 304 -
127.0.0.1 - - [11/Oct/2025 14:41:20] "GET /_static/accessibility.css?v=6547A273 HTTP/1.1" 304 -
127.0.0.1 - - [11/Oct/2025 14:41:20] "GET /_static/bootstrap-3.4.1/css/bootstrap.min.css HTTP/1.1" 304 -
127.0.0.1 - - [11/Oct/2025 14:41:20] "GET /_static/presenter_mode.css?v=9FF1320F HTTP/1.1" 304 -
127.0.0.1 - - [11/Oct/2025 14:41:20] "GET /_static/jquery-ui-1.10.3.custom.min.css?v=97E0178A HTTP/1.1" 304 -
127.0.0.1 - - [11/Oct/2025 14:41:20] "GET /_static/user-highlights.css?v=A2326E52 HTTP/1.1" 304 -
127.0.0.1 - - [11/Oct/2025 14:41:20] "GET /_static/runestone-custom-sphinx-bootstrap.css?v=5.3.0 HTTP/1.1" 304 -
127.0.0.1 - - [11/Oct/2025 14:41:20] "GET /_static/theme-overrides.css?v=2DAFE138 HTTP/1.1" 304 -
127.0.0.1 - - [11/Oct/2025 14:41:20] "GET /_static/html4css1.css HTTP/1.1" 200 -
127.0.0.1 - - [11/Oct/2025 14:41:20] "GET /_static/pytutor-embed.bundle.js?v=268B5C04 HTTP/1.1" 304 -
127.0.0.1 - - [11/Oct/2025 14:41:20] "GET /_images/rate_my_prof_herman_tags.png HTTP/1.1" 200 -
127.0.0.1 - - [11/Oct/2025 14:41:20] "GET /_images/rate_my_prof_alawini.png HTTP/1.1" 200 -
127.0.0.1 - - [11/Oct/2025 14:41:20] "GET /_images/rate_my_prof_herman.png HTTP/1.1" 200 -
127.0.0.1 - - [11/Oct/2025 14:41:20] code 404, message File not found
127.0.0.1 - - [11/Oct/2025 14:41:20] "GET /runestone/static/images/RunestoneBanner%7B%7B=banner_num%7D%7D.png HTTP/1.1" 404 -
127.0.0.1 - - [11/Oct/2025 14:41:20] code 404, message File not found
127.0.0.1 - - [11/Oct/2025 14:41:20] "GET /runestone/static/images/RunestoneBanner%7B%7B=banner_num%7D%7D.png HTTP/1.1" 404 -
127.0.0.1 - - [11/Oct/2025 14:41:20] "GET /_static/img/logo_small.png HTTP/1.1" 200 -
127.0.0.1 - - [11/Oct/2025 14:41:20] code 404, message File not found
127.0.0.1 - - [11/Oct/2025 14:41:20] "GET /%7B%7B%20=request.application%20%7D%7D/static/favicon.ico HTTP/1.1" 404 -
----------------------------------------
Exception happened during processing of request from ('127.0.0.1', 62668)
Traceback (most recent call last):
  File "/opt/anaconda3/envs/apidev/lib/python3.8/http/server.py", line 722, in send_head
    f = open(path, 'rb')
FileNotFoundError: [Errno 2] No such file or directory: '/Users/marailith/VisualStudioCode/research/public-pfp-ebooks/pfp-ebooks-webscraping/build/cs102web/{{ =request.application }}/static/favicon.ico'

During handling of the above exception, another exception occurred:

Traceback (most recent call last):
  File "/opt/anaconda3/envs/apidev/lib/python3.8/socketserver.py", line 316, in _handle_request_noblock
    self.process_request(request, client_address)
  File "/opt/anaconda3/envs/apidev/lib/python3.8/socketserver.py", line 347, in process_request
    self.finish_request(request, client_address)
  File "/opt/anaconda3/envs/apidev/lib/python3.8/socketserver.py", line 360, in finish_request
    self.RequestHandlerClass(request, client_address, self)
  File "/opt/anaconda3/envs/apidev/lib/python3.8/http/server.py", line 664, in __init__
    super().__init__(*args, **kwargs)
  File "/opt/anaconda3/envs/apidev/lib/python3.8/socketserver.py", line 747, in __init__
    self.handle()
  File "/opt/anaconda3/envs/apidev/lib/python3.8/http/server.py", line 435, in handle
    self.handle_one_request()
  File "/opt/anaconda3/envs/apidev/lib/python3.8/http/server.py", line 423, in handle_one_request
    method()
  File "/opt/anaconda3/envs/apidev/lib/python3.8/http/server.py", line 668, in do_GET
    f = self.send_head()
  File "/opt/anaconda3/envs/apidev/lib/python3.8/http/server.py", line 724, in send_head
    self.send_error(HTTPStatus.NOT_FOUND, "File not found")
  File "/opt/anaconda3/envs/apidev/lib/python3.8/http/server.py", line 490, in send_error
    self.wfile.write(body)
  File "/opt/anaconda3/envs/apidev/lib/python3.8/socketserver.py", line 826, in write
    self._sock.sendall(b)
BrokenPipeError: [Errno 32] Broken pipe
----------------------------------------
127.0.0.1 - - [11/Oct/2025 14:41:20] code 404, message File not found
127.0.0.1 - - [11/Oct/2025 14:41:20] "GET /runestone/static/images/RunestoneBanner%7B%7B=banner_num%7D%7D.png HTTP/1.1" 404 -
127.0.0.1 - - [11/Oct/2025 14:41:30] "GET /activity-writing-2.html HTTP/1.1" 200 -
127.0.0.1 - - [11/Oct/2025 14:41:30] code 404, message File not found
127.0.0.1 - - [11/Oct/2025 14:41:30] "GET /runestone/static/images/RunestoneBanner%7B%7B=banner_num%7D%7D.png HTTP/1.1" 404 -
127.0.0.1 - - [11/Oct/2025 14:41:30] code 404, message File not found
127.0.0.1 - - [11/Oct/2025 14:41:30] "GET /runestone/static/images/RunestoneBanner%7B%7B=banner_num%7D%7D.png HTTP/1.1" 404 -
127.0.0.1 - - [11/Oct/2025 14:41:30] code 404, message File not found
127.0.0.1 - - [11/Oct/2025 14:41:30] "GET /%7B%7B%20=request.application%20%7D%7D/static/favicon.ico HTTP/1.1" 404 -
127.0.0.1 - - [11/Oct/2025 14:41:31] code 404, message File not found
127.0.0.1 - - [11/Oct/2025 14:41:31] "GET /runestone/static/images/RunestoneBanner%7B%7B=banner_num%7D%7D.png HTTP/1.1" 404 -
127.0.0.1 - - [11/Oct/2025 14:41:42] "GET /activity-writing-3.html HTTP/1.1" 200 -
127.0.0.1 - - [11/Oct/2025 14:41:42] code 404, message File not found
127.0.0.1 - - [11/Oct/2025 14:41:42] "GET /runestone/static/images/RunestoneBanner%7B%7B=banner_num%7D%7D.png HTTP/1.1" 404 -
127.0.0.1 - - [11/Oct/2025 14:41:42] code 404, message File not found
127.0.0.1 - - [11/Oct/2025 14:41:42] "GET /runestone/static/images/RunestoneBanner%7B%7B=banner_num%7D%7D.png HTTP/1.1" 404 -
127.0.0.1 - - [11/Oct/2025 14:41:42] code 404, message File not found
127.0.0.1 - - [11/Oct/2025 14:41:42] "GET /%7B%7B%20=request.application%20%7D%7D/static/favicon.ico HTTP/1.1" 404 -
127.0.0.1 - - [11/Oct/2025 14:41:43] code 404, message File not found
127.0.0.1 - - [11/Oct/2025 14:41:43] "GET /runestone/static/images/RunestoneBanner%7B%7B=banner_num%7D%7D.png HTTP/1.1" 404 -
127.0.0.1 - - [11/Oct/2025 14:41:54] "GET /activity-debugging.html HTTP/1.1" 200 -
127.0.0.1 - - [11/Oct/2025 14:41:54] "GET /_static/basic.css HTTP/1.1" 200 -
127.0.0.1 - - [11/Oct/2025 14:41:54] "GET /_static/pygments.css HTTP/1.1" 200 -
127.0.0.1 - - [11/Oct/2025 14:41:54] "GET /_static/bootstrap-sphinx.css HTTP/1.1" 200 -
127.0.0.1 - - [11/Oct/2025 14:41:54] "GET /_static/documentation_options.js HTTP/1.1" 200 -
127.0.0.1 - - [11/Oct/2025 14:41:54] "GET /_static/language_data.js HTTP/1.1" 304 -
127.0.0.1 - - [11/Oct/2025 14:41:54] "GET /_images/frodo_adoption.png HTTP/1.1" 200 -
127.0.0.1 - - [11/Oct/2025 14:41:54] code 404, message File not found
127.0.0.1 - - [11/Oct/2025 14:41:54] "GET /runestone/static/images/RunestoneBanner%7B%7B=banner_num%7D%7D.png HTTP/1.1" 404 -
127.0.0.1 - - [11/Oct/2025 14:41:54] code 404, message File not found
127.0.0.1 - - [11/Oct/2025 14:41:54] "GET /runestone/static/images/RunestoneBanner%7B%7B=banner_num%7D%7D.png HTTP/1.1" 404 -
127.0.0.1 - - [11/Oct/2025 14:41:54] code 404, message File not found
127.0.0.1 - - [11/Oct/2025 14:41:54] "GET /%7B%7B%20=request.application%20%7D%7D/static/favicon.ico HTTP/1.1" 404 -
127.0.0.1 - - [11/Oct/2025 14:41:55] code 404, message File not found
127.0.0.1 - - [11/Oct/2025 14:41:55] "GET /runestone/static/images/RunestoneBanner%7B%7B=banner_num%7D%7D.png HTTP/1.1" 404 -
127.0.0.1 - - [11/Oct/2025 14:42:11] "GET /activity-explaining.html HTTP/1.1" 200 -
127.0.0.1 - - [11/Oct/2025 14:42:11] "GET /_static/jquery.js HTTP/1.1" 304 -
127.0.0.1 - - [11/Oct/2025 14:42:11] "GET /_static/underscore.js HTTP/1.1" 304 -
127.0.0.1 - - [11/Oct/2025 14:42:11] "GET /_static/doctools.js HTTP/1.1" 304 -
127.0.0.1 - - [11/Oct/2025 14:42:11] "GET /_static/matrixeq.js?v=D64CFA5A HTTP/1.1" 304 -
127.0.0.1 - - [11/Oct/2025 14:42:11] "GET /_static/webglinteractive.js?v=2B768384 HTTP/1.1" 304 -
127.0.0.1 - - [11/Oct/2025 14:42:11] "GET /_static/FileSaver.min.js?v=8408C997 HTTP/1.1" 304 -
127.0.0.1 - - [11/Oct/2025 14:42:11] "GET /_static/Blob.js?v=AEC2447 HTTP/1.1" 304 -
127.0.0.1 - - [11/Oct/2025 14:42:11] "GET /_static/html4css1.css?v=4533ACD3 HTTP/1.1" 304 -
127.0.0.1 - - [11/Oct/2025 14:42:11] "GET /_static/animationbase.js?v=A043C3A7 HTTP/1.1" 304 -
127.0.0.1 - - [11/Oct/2025 14:42:11] "GET /_static/pytutor-embed.bundle.js?v=268B5C04 HTTP/1.1" 304 -
127.0.0.1 - - [11/Oct/2025 14:42:11] "GET /_static/jquery.highlight.js?v=F1C496C8 HTTP/1.1" 304 -
127.0.0.1 - - [11/Oct/2025 14:42:11] "GET /_static/sql-wasm.js?v=44FE0709 HTTP/1.1" 304 -
127.0.0.1 - - [11/Oct/2025 14:42:11] "GET /_static/runestone.js?v=7DFA3710 HTTP/1.1" 304 -
127.0.0.1 - - [11/Oct/2025 14:42:11] "GET /_static/jquery-ui-1.10.3.custom.min.js?v=2B07FE4F HTTP/1.1" 304 -
127.0.0.1 - - [11/Oct/2025 14:42:11] "GET /_static/bootstrap-3.4.1/js/bootstrap.min.js HTTP/1.1" 304 -
127.0.0.1 - - [11/Oct/2025 14:42:11] "GET /_static/jquery-fix.js?v=1226591B HTTP/1.1" 304 -
127.0.0.1 - - [11/Oct/2025 14:42:11] "GET /_static/bootstrap-sphinx.js HTTP/1.1" 304 -
127.0.0.1 - - [11/Oct/2025 14:42:11] "GET /_static/jquery.idle-timer.js?v=E942DAF1 HTTP/1.1" 304 -
127.0.0.1 - - [11/Oct/2025 14:42:11] "GET /_static/presenter_mode.js?v=2DF16FB4 HTTP/1.1" 304 -
127.0.0.1 - - [11/Oct/2025 14:42:11] "GET /_static/theme.js?v=D899FB97 HTTP/1.1" 304 -
127.0.0.1 - - [11/Oct/2025 14:42:11] "GET /_static/matrixeq.css?v=58BC228F HTTP/1.1" 304 -
127.0.0.1 - - [11/Oct/2025 14:42:11] "GET /_static/webglinteractive.css?v=910DF1E1 HTTP/1.1" 304 -
127.0.0.1 - - [11/Oct/2025 14:42:11] "GET /_static/CodeChat.css HTTP/1.1" 304 -
127.0.0.1 - - [11/Oct/2025 14:42:11] "GET /_static/accessibility.css?v=6547A273 HTTP/1.1" 304 -
127.0.0.1 - - [11/Oct/2025 14:42:11] "GET /_static/bootstrap-3.4.1/css/bootstrap.min.css HTTP/1.1" 304 -
127.0.0.1 - - [11/Oct/2025 14:42:11] "GET /_static/presenter_mode.css?v=9FF1320F HTTP/1.1" 304 -
127.0.0.1 - - [11/Oct/2025 14:42:11] "GET /_static/jquery-ui-1.10.3.custom.min.css?v=97E0178A HTTP/1.1" 304 -
127.0.0.1 - - [11/Oct/2025 14:42:11] "GET /_static/user-highlights.css?v=A2326E52 HTTP/1.1" 304 -
127.0.0.1 - - [11/Oct/2025 14:42:11] "GET /_static/runestone-custom-sphinx-bootstrap.css?v=5.3.0 HTTP/1.1" 304 -
127.0.0.1 - - [11/Oct/2025 14:42:11] "GET /_static/theme-overrides.css?v=2DAFE138 HTTP/1.1" 304 -
127.0.0.1 - - [11/Oct/2025 14:42:11] "GET /_static/html4css1.css HTTP/1.1" 200 -
127.0.0.1 - - [11/Oct/2025 14:42:11] "GET /_static/webgldemo.css?v=B36B48D HTTP/1.1" 304 -
127.0.0.1 - - [11/Oct/2025 14:42:11] "GET /_images/news_pintar_multiple.png HTTP/1.1" 200 -
127.0.0.1 - - [11/Oct/2025 14:42:11] code 404, message File not found
127.0.0.1 - - [11/Oct/2025 14:42:11] "GET /runestone/static/images/RunestoneBanner%7B%7B=banner_num%7D%7D.png HTTP/1.1" 404 -
127.0.0.1 - - [11/Oct/2025 14:42:11] code 404, message File not found
127.0.0.1 - - [11/Oct/2025 14:42:11] "GET /runestone/static/images/RunestoneBanner%7B%7B=banner_num%7D%7D.png HTTP/1.1" 404 -
127.0.0.1 - - [11/Oct/2025 14:42:11] "GET /_static/img/logo_small.png HTTP/1.1" 200 -
127.0.0.1 - - [11/Oct/2025 14:42:11] code 404, message File not found
127.0.0.1 - - [11/Oct/2025 14:42:11] "GET /%7B%7B%20=request.application%20%7D%7D/static/favicon.ico HTTP/1.1" 404 -
127.0.0.1 - - [11/Oct/2025 14:42:12] code 404, message File not found
127.0.0.1 - - [11/Oct/2025 14:42:12] "GET /runestone/static/images/RunestoneBanner%7B%7B=banner_num%7D%7D.png HTTP/1.1" 404 -
127.0.0.1 - - [11/Oct/2025 14:42:25] "GET /end_here_comparison.html HTTP/1.1" 200 -
127.0.0.1 - - [11/Oct/2025 14:42:25] code 404, message File not found
127.0.0.1 - - [11/Oct/2025 14:42:25] "GET /runestone/static/images/RunestoneBanner%7B%7B=banner_num%7D%7D.png HTTP/1.1" 404 -
127.0.0.1 - - [11/Oct/2025 14:42:25] code 404, message File not found
127.0.0.1 - - [11/Oct/2025 14:42:25] "GET /runestone/static/images/RunestoneBanner%7B%7B=banner_num%7D%7D.png HTTP/1.1" 404 -
127.0.0.1 - - [11/Oct/2025 14:42:25] code 404, message File not found
127.0.0.1 - - [11/Oct/2025 14:42:25] "GET /%7B%7B%20=request.application%20%7D%7D/static/favicon.ico HTTP/1.1" 404 -
127.0.0.1 - - [11/Oct/2025 14:42:26] code 404, message File not found
127.0.0.1 - - [11/Oct/2025 14:42:26] "GET /runestone/static/images/RunestoneBanner%7B%7B=banner_num%7D%7D.png HTTP/1.1" 404 -
127.0.0.1 - - [11/Oct/2025 14:42:35] "GET /end_here_usability.html HTTP/1.1" 200 -
127.0.0.1 - - [11/Oct/2025 14:42:36] code 404, message File not found
127.0.0.1 - - [11/Oct/2025 14:42:36] "GET /runestone/static/images/RunestoneBanner%7B%7B=banner_num%7D%7D.png HTTP/1.1" 404 -
127.0.0.1 - - [11/Oct/2025 14:42:36] code 404, message File not found
127.0.0.1 - - [11/Oct/2025 14:42:36] "GET /runestone/static/images/RunestoneBanner%7B%7B=banner_num%7D%7D.png HTTP/1.1" 404 -
127.0.0.1 - - [11/Oct/2025 14:42:36] code 404, message File not found
127.0.0.1 - - [11/Oct/2025 14:42:36] "GET /%7B%7B%20=request.application%20%7D%7D/static/favicon.ico HTTP/1.1" 404 -
----------------------------------------
Exception happened during processing of request from ('127.0.0.1', 62762)
Traceback (most recent call last):
  File "/opt/anaconda3/envs/apidev/lib/python3.8/http/server.py", line 722, in send_head
    f = open(path, 'rb')
FileNotFoundError: [Errno 2] No such file or directory: '/Users/marailith/VisualStudioCode/research/public-pfp-ebooks/pfp-ebooks-webscraping/build/cs102web/{{ =request.application }}/static/favicon.ico'

During handling of the above exception, another exception occurred:

Traceback (most recent call last):
  File "/opt/anaconda3/envs/apidev/lib/python3.8/socketserver.py", line 316, in _handle_request_noblock
    self.process_request(request, client_address)
  File "/opt/anaconda3/envs/apidev/lib/python3.8/socketserver.py", line 347, in process_request
    self.finish_request(request, client_address)
  File "/opt/anaconda3/envs/apidev/lib/python3.8/socketserver.py", line 360, in finish_request
    self.RequestHandlerClass(request, client_address, self)
  File "/opt/anaconda3/envs/apidev/lib/python3.8/http/server.py", line 664, in __init__
    super().__init__(*args, **kwargs)
  File "/opt/anaconda3/envs/apidev/lib/python3.8/socketserver.py", line 747, in __init__
    self.handle()
  File "/opt/anaconda3/envs/apidev/lib/python3.8/http/server.py", line 435, in handle
    self.handle_one_request()
  File "/opt/anaconda3/envs/apidev/lib/python3.8/http/server.py", line 423, in handle_one_request
    method()
  File "/opt/anaconda3/envs/apidev/lib/python3.8/http/server.py", line 668, in do_GET
    f = self.send_head()
  File "/opt/anaconda3/envs/apidev/lib/python3.8/http/server.py", line 724, in send_head
    self.send_error(HTTPStatus.NOT_FOUND, "File not found")
  File "/opt/anaconda3/envs/apidev/lib/python3.8/http/server.py", line 490, in send_error
    self.wfile.write(body)
  File "/opt/anaconda3/envs/apidev/lib/python3.8/socketserver.py", line 826, in write
    self._sock.sendall(b)
BrokenPipeError: [Errno 32] Broken pipe
----------------------------------------
127.0.0.1 - - [11/Oct/2025 14:42:37] code 404, message File not found
127.0.0.1 - - [11/Oct/2025 14:42:37] "GET /runestone/static/images/RunestoneBanner%7B%7B=banner_num%7D%7D.png HTTP/1.1" 404 -

Aborted!
127.0.0.1 - - [26/Jan/2026 12:11:36] "GET / HTTP/1.1" 304 -
127.0.0.1 - - [26/Jan/2026 12:11:36] "GET /_static/basic.css HTTP/1.1" 304 -
127.0.0.1 - - [26/Jan/2026 12:11:36] "GET /_static/pygments.css HTTP/1.1" 304 -
127.0.0.1 - - [26/Jan/2026 12:11:36] "GET /_static/matrixeq.css?v=58BC228F HTTP/1.1" 200 -
127.0.0.1 - - [26/Jan/2026 12:11:36] "GET /_static/webgldemo.css?v=B36B48D HTTP/1.1" 200 -
127.0.0.1 - - [26/Jan/2026 12:11:36] "GET /_static/webglinteractive.css?v=910DF1E1 HTTP/1.1" 304 -
127.0.0.1 - - [26/Jan/2026 12:11:36] "GET /_static/CodeChat.css HTTP/1.1" 304 -
127.0.0.1 - - [26/Jan/2026 12:11:36] "GET /_static/accessibility.css?v=6547A273 HTTP/1.1" 304 -
127.0.0.1 - - [26/Jan/2026 12:11:36] "GET /_static/bootstrap-3.4.1/css/bootstrap.min.css HTTP/1.1" 304 -
127.0.0.1 - - [26/Jan/2026 12:11:36] "GET /_static/presenter_mode.css?v=9FF1320F HTTP/1.1" 304 -
127.0.0.1 - - [26/Jan/2026 12:11:36] "GET /_static/jquery-ui-1.10.3.custom.min.css?v=97E0178A HTTP/1.1" 304 -
127.0.0.1 - - [26/Jan/2026 12:11:36] "GET /_static/bootstrap-sphinx.css HTTP/1.1" 304 -
127.0.0.1 - - [26/Jan/2026 12:11:36] "GET /_static/user-highlights.css?v=A2326E52 HTTP/1.1" 200 -
127.0.0.1 - - [26/Jan/2026 12:11:36] "GET /_static/runestone-custom-sphinx-bootstrap.css?v=5.3.0 HTTP/1.1" 200 -
127.0.0.1 - - [26/Jan/2026 12:11:36] "GET /_static/theme-overrides.css?v=2DAFE138 HTTP/1.1" 304 -
127.0.0.1 - - [26/Jan/2026 12:11:36] "GET /_static/documentation_options.js HTTP/1.1" 304 -
127.0.0.1 - - [26/Jan/2026 12:11:36] "GET /_static/jquery.js HTTP/1.1" 304 -
127.0.0.1 - - [26/Jan/2026 12:11:36] "GET /_static/underscore.js HTTP/1.1" 304 -
127.0.0.1 - - [26/Jan/2026 12:11:36] "GET /_static/doctools.js HTTP/1.1" 304 -
127.0.0.1 - - [26/Jan/2026 12:11:36] "GET /_static/language_data.js HTTP/1.1" 200 -
127.0.0.1 - - [26/Jan/2026 12:11:36] "GET /_static/matrixeq.js?v=D64CFA5A HTTP/1.1" 304 -
127.0.0.1 - - [26/Jan/2026 12:11:36] "GET /_static/webglinteractive.js?v=2B768384 HTTP/1.1" 304 -
127.0.0.1 - - [26/Jan/2026 12:11:36] "GET /_static/FileSaver.min.js?v=8408C997 HTTP/1.1" 200 -
127.0.0.1 - - [26/Jan/2026 12:11:36] "GET /_static/Blob.js?v=AEC2447 HTTP/1.1" 304 -
127.0.0.1 - - [26/Jan/2026 12:11:36] "GET /_static/html4css1.css?v=4533ACD3 HTTP/1.1" 200 -
127.0.0.1 - - [26/Jan/2026 12:11:36] "GET /_static/animationbase.js?v=A043C3A7 HTTP/1.1" 304 -
127.0.0.1 - - [26/Jan/2026 12:11:36] "GET /_static/pytutor-embed.bundle.js?v=268B5C04 HTTP/1.1" 200 -
127.0.0.1 - - [26/Jan/2026 12:11:36] "GET /_static/jquery.highlight.js?v=F1C496C8 HTTP/1.1" 304 -
127.0.0.1 - - [26/Jan/2026 12:11:36] "GET /_static/sql-wasm.js?v=44FE0709 HTTP/1.1" 304 -
127.0.0.1 - - [26/Jan/2026 12:11:36] "GET /_static/runestone.js?v=7DFA3710 HTTP/1.1" 304 -
127.0.0.1 - - [26/Jan/2026 12:11:36] "GET /_static/bootstrap-3.4.1/js/bootstrap.min.js HTTP/1.1" 304 -
127.0.0.1 - - [26/Jan/2026 12:11:36] "GET /_static/jquery-ui-1.10.3.custom.min.js?v=2B07FE4F HTTP/1.1" 304 -
127.0.0.1 - - [26/Jan/2026 12:11:36] "GET /_static/jquery-fix.js?v=1226591B HTTP/1.1" 200 -
127.0.0.1 - - [26/Jan/2026 12:11:36] "GET /_static/bootstrap-sphinx.js HTTP/1.1" 200 -
127.0.0.1 - - [26/Jan/2026 12:11:36] "GET /_static/jquery.idle-timer.js?v=E942DAF1 HTTP/1.1" 200 -
127.0.0.1 - - [26/Jan/2026 12:11:36] "GET /_static/presenter_mode.js?v=2DF16FB4 HTTP/1.1" 304 -
127.0.0.1 - - [26/Jan/2026 12:11:36] "GET /_static/theme.js?v=D899FB97 HTTP/1.1" 304 -
127.0.0.1 - - [26/Jan/2026 12:11:36] code 404, message File not found
127.0.0.1 - - [26/Jan/2026 12:11:36] "GET /runestone/static/images/RunestoneBanner%7B%7B=banner_num%7D%7D.png HTTP/1.1" 404 -
127.0.0.1 - - [26/Jan/2026 12:11:36] "GET /_images/web_crawler.png HTTP/1.1" 304 -
127.0.0.1 - - [26/Jan/2026 12:11:36] "GET /_static/html4css1.css HTTP/1.1" 304 -
127.0.0.1 - - [26/Jan/2026 12:11:37] code 404, message File not found
127.0.0.1 - - [26/Jan/2026 12:11:37] "GET /runestone/static/images/RunestoneBanner%7B%7B=banner_num%7D%7D.png HTTP/1.1" 404 -
127.0.0.1 - - [26/Jan/2026 12:11:37] "GET /_static/img/logo_small.png HTTP/1.1" 200 -
127.0.0.1 - - [26/Jan/2026 12:11:37] "GET /_static/bootstrap-3.4.1/fonts/glyphicons-halflings-regular.woff2 HTTP/1.1" 304 -

Aborted!
